2022-08-22 16:00:47 INFO::Writing function arguments to log file
2022-08-22 16:00:47 DEBUG::Function arguments
2022-08-22 16:00:47 DEBUG::Output folder: /Users/robynwright/Dropbox/Langille_Lab_postdoc/OED_project/analysis/differential_abundance/maaslin_pathways_full_model
2022-08-22 16:00:47 DEBUG::Min Abundance: 0.000000
2022-08-22 16:00:47 DEBUG::Min Prevalence: 0.100000
2022-08-22 16:00:47 DEBUG::Normalization: TSS
2022-08-22 16:00:47 DEBUG::Transform: AST
2022-08-22 16:00:47 DEBUG::Analysis method: LM
2022-08-22 16:00:47 DEBUG::Max significance: 0.250000
2022-08-22 16:00:47 DEBUG::Random effects: Group
2022-08-22 16:00:47 DEBUG::Fixed effects: Progression
2022-08-22 16:00:47 DEBUG::Correction method: BH
2022-08-22 16:00:47 DEBUG::Standardize: FALSE
2022-08-22 16:00:47 DEBUG::Cores: 1
2022-08-22 16:00:47 INFO::Verifying options selected are valid
2022-08-22 16:00:47 INFO::Determining format of input files
2022-08-22 16:00:47 INFO::Input format is data samples as rows and metadata samples as rows
2022-08-22 16:00:47 DEBUG::A total of 90 samples were found in both the data and metadata
2022-08-22 16:00:47 DEBUG::Reordering data/metadata to use same sample ordering
2022-08-22 16:00:47 INFO::Formula for random effects: expr ~ (1 | Group)
2022-08-22 16:00:47 INFO::Formula for fixed effects: expr ~  Progression
2022-08-22 16:00:47 INFO::Filter data based on min abundance and min prevalence
2022-08-22 16:00:47 INFO::Total samples in data: 90
2022-08-22 16:00:47 INFO::Min samples required with min abundance for a feature not to be filtered: 9.000000
2022-08-22 16:00:47 INFO::Total filtered features: 26
2022-08-22 16:00:47 INFO::Filtered feature names from abundance and prevalence filtering: ARGDEG.PWY, DHGLUCONATE.PYR.CAT.PWY, LPSSYN.PWY, METH.ACETATE.PWY, ORNARGDEG.PWY, P241.PWY, PWY.1361, PWY.1422, PWY.1541, PWY.1622, PWY.1882, PWY.3801, PWY.4361, PWY.5183, PWY.5198, PWY.6174, PWY.6339, PWY.6581, PWY.6641, PWY.6731, PWY.6906, PWY.6944, PWY.722, PWY.7316, PWY.7527, VALDEG.PWY
2022-08-22 16:00:47 INFO::Total filtered features with variance filtering: 0
2022-08-22 16:00:47 INFO::Filtered feature names from variance filtering:
2022-08-22 16:00:47 INFO::Running selected normalization method: TSS
2022-08-22 16:00:47 INFO::Bypass z-score application to metadata
2022-08-22 16:00:47 INFO::Running selected transform method: AST
2022-08-22 16:00:47 INFO::Running selected analysis method: LM
2022-08-22 16:00:47 INFO::Fitting model to feature number 1, X1CMET2.PWY
2022-08-22 16:00:47 INFO::Fitting model to feature number 2, X3.HYDROXYPHENYLACETATE.DEGRADATION.PWY
2022-08-22 16:00:47 INFO::Fitting model to feature number 3, AEROBACTINSYN.PWY
2022-08-22 16:00:47 INFO::Fitting model to feature number 4, ALL.CHORISMATE.PWY
2022-08-22 16:00:47 INFO::Fitting model to feature number 5, ANAEROFRUCAT.PWY
2022-08-22 16:00:47 INFO::Fitting model to feature number 6, ANAGLYCOLYSIS.PWY
2022-08-22 16:00:47 INFO::Fitting model to feature number 7, ARG.POLYAMINE.SYN
2022-08-22 16:00:47 INFO::Fitting model to feature number 8, ARGORNPROST.PWY
2022-08-22 16:00:47 INFO::Fitting model to feature number 9, ARGSYN.PWY
2022-08-22 16:00:47 INFO::Fitting model to feature number 10, ARGSYNBSUB.PWY
2022-08-22 16:00:47 INFO::Fitting model to feature number 11, ARO.PWY
2022-08-22 16:00:47 INFO::Fitting model to feature number 12, ASPASN.PWY
2022-08-22 16:00:47 INFO::Fitting model to feature number 13, AST.PWY
2022-08-22 16:00:47 INFO::Fitting model to feature number 14, BIOTIN.BIOSYNTHESIS.PWY
2022-08-22 16:00:48 INFO::Fitting model to feature number 15, BRANCHED.CHAIN.AA.SYN.PWY
2022-08-22 16:00:48 INFO::Fitting model to feature number 16, CALVIN.PWY
2022-08-22 16:00:48 INFO::Fitting model to feature number 17, CATECHOL.ORTHO.CLEAVAGE.PWY
2022-08-22 16:00:48 INFO::Fitting model to feature number 18, CENTFERM.PWY
2022-08-22 16:00:48 INFO::Fitting model to feature number 19, CHLOROPHYLL.SYN
2022-08-22 16:00:48 INFO::Fitting model to feature number 20, COA.PWY
2022-08-22 16:00:48 INFO::Fitting model to feature number 21, COBALSYN.PWY
2022-08-22 16:00:48 INFO::Fitting model to feature number 22, CODH.PWY
2022-08-22 16:00:48 INFO::Fitting model to feature number 23, COLANSYN.PWY
2022-08-22 16:00:48 INFO::Fitting model to feature number 24, COMPLETE.ARO.PWY
2022-08-22 16:00:48 INFO::Fitting model to feature number 25, CRNFORCAT.PWY
2022-08-22 16:00:48 INFO::Fitting model to feature number 26, DAPLYSINESYN.PWY
2022-08-22 16:00:48 INFO::Fitting model to feature number 27, DENITRIFICATION.PWY
2022-08-22 16:00:48 INFO::Fitting model to feature number 28, DENOVOPURINE2.PWY
2022-08-22 16:00:48 INFO::Fitting model to feature number 29, DTDPRHAMSYN.PWY
2022-08-22 16:00:48 INFO::Fitting model to feature number 30, ENTBACSYN.PWY
2022-08-22 16:00:48 INFO::Fitting model to feature number 31, FAO.PWY
2022-08-22 16:00:48 INFO::Fitting model to feature number 32, FASYN.ELONG.PWY
2022-08-22 16:00:48 INFO::Fitting model to feature number 33, FASYN.INITIAL.PWY
2022-08-22 16:00:48 INFO::Fitting model to feature number 34, FERMENTATION.PWY
2022-08-22 16:00:48 INFO::Fitting model to feature number 35, FOLSYN.PWY
2022-08-22 16:00:49 INFO::Fitting model to feature number 36, FUC.RHAMCAT.PWY
2022-08-22 16:00:49 INFO::Fitting model to feature number 37, FUCCAT.PWY
2022-08-22 16:00:49 INFO::Fitting model to feature number 38, GALACT.GLUCUROCAT.PWY
2022-08-22 16:00:49 INFO::Fitting model to feature number 39, GALACTARDEG.PWY
2022-08-22 16:00:49 INFO::Fitting model to feature number 40, GALACTUROCAT.PWY
2022-08-22 16:00:49 INFO::Fitting model to feature number 41, GALLATE.DEGRADATION.I.PWY
2022-08-22 16:00:49 INFO::Fitting model to feature number 42, GALLATE.DEGRADATION.II.PWY
2022-08-22 16:00:49 INFO::Fitting model to feature number 43, GLCMANNANAUT.PWY
2022-08-22 16:00:49 INFO::Fitting model to feature number 44, GLUCARDEG.PWY
2022-08-22 16:00:49 INFO::Fitting model to feature number 45, GLUCARGALACTSUPER.PWY
2022-08-22 16:00:49 INFO::Fitting model to feature number 46, GLUCONEO.PWY
2022-08-22 16:00:49 INFO::Fitting model to feature number 47, GLUCOSE1PMETAB.PWY
2022-08-22 16:00:49 INFO::Fitting model to feature number 48, GLUCUROCAT.PWY
2022-08-22 16:00:49 INFO::Fitting model to feature number 49, GLUTORN.PWY
2022-08-22 16:00:49 INFO::Fitting model to feature number 50, GLYCOCAT.PWY
2022-08-22 16:00:49 INFO::Fitting model to feature number 51, GLYCOGENSYNTH.PWY
2022-08-22 16:00:49 INFO::Fitting model to feature number 52, GLYCOL.GLYOXDEG.PWY
2022-08-22 16:00:50 INFO::Fitting model to feature number 53, GLYCOLYSIS
2022-08-22 16:00:50 INFO::Fitting model to feature number 54, GLYCOLYSIS.E.D
2022-08-22 16:00:50 INFO::Fitting model to feature number 55, GLYCOLYSIS.TCA.GLYOX.BYPASS
2022-08-22 16:00:50 INFO::Fitting model to feature number 56, GLYOXYLATE.BYPASS
2022-08-22 16:00:50 INFO::Fitting model to feature number 57, GOLPDLCAT.PWY
2022-08-22 16:00:50 INFO::Fitting model to feature number 58, HCAMHPDEG.PWY
2022-08-22 16:00:50 INFO::Fitting model to feature number 59, HEME.BIOSYNTHESIS.II
2022-08-22 16:00:50 INFO::Fitting model to feature number 60, HEMESYN2.PWY
2022-08-22 16:00:50 INFO::Fitting model to feature number 61, HEXITOLDEGSUPER.PWY
2022-08-22 16:00:50 INFO::Fitting model to feature number 62, HISDEG.PWY
2022-08-22 16:00:50 INFO::Fitting model to feature number 63, HISTSYN.PWY
2022-08-22 16:00:50 INFO::Fitting model to feature number 64, HOMOSER.METSYN.PWY
2022-08-22 16:00:50 INFO::Fitting model to feature number 65, HSERMETANA.PWY
2022-08-22 16:00:50 INFO::Fitting model to feature number 66, ILEUSYN.PWY
2022-08-22 16:00:50 INFO::Fitting model to feature number 67, KDO.NAGLIPASYN.PWY
2022-08-22 16:00:50 INFO::Fitting model to feature number 68, KETOGLUCONMET.PWY
2022-08-22 16:00:50 INFO::Fitting model to feature number 69, LACTOSECAT.PWY
2022-08-22 16:00:50 INFO::Fitting model to feature number 70, LEU.DEG2.PWY
2022-08-22 16:00:50 INFO::Fitting model to feature number 71, LIPASYN.PWY
2022-08-22 16:00:50 INFO::Fitting model to feature number 72, MET.SAM.PWY
2022-08-22 16:00:50 INFO::Fitting model to feature number 73, METHGLYUT.PWY
2022-08-22 16:00:51 INFO::Fitting model to feature number 74, METHYLGALLATE.DEGRADATION.PWY
2022-08-22 16:00:51 INFO::Fitting model to feature number 75, NAD.BIOSYNTHESIS.II
2022-08-22 16:00:51 INFO::Fitting model to feature number 76, NADSYN.PWY
2022-08-22 16:00:51 INFO::Fitting model to feature number 77, NAGLIPASYN.PWY
2022-08-22 16:00:51 INFO::Fitting model to feature number 78, NONMEVIPP.PWY
2022-08-22 16:00:51 INFO::Fitting model to feature number 79, NONOXIPENT.PWY
2022-08-22 16:00:51 INFO::Fitting model to feature number 80, OANTIGEN.PWY
2022-08-22 16:00:51 INFO::Fitting model to feature number 81, P101.PWY
2022-08-22 16:00:51 INFO::Fitting model to feature number 82, P105.PWY
2022-08-22 16:00:51 INFO::Fitting model to feature number 83, P108.PWY
2022-08-22 16:00:51 INFO::Fitting model to feature number 84, P122.PWY
2022-08-22 16:00:51 INFO::Fitting model to feature number 85, P124.PWY
2022-08-22 16:00:51 INFO::Fitting model to feature number 86, P125.PWY
2022-08-22 16:00:51 INFO::Fitting model to feature number 87, P161.PWY
2022-08-22 16:00:51 INFO::Fitting model to feature number 88, P162.PWY
2022-08-22 16:00:51 INFO::Fitting model to feature number 89, P163.PWY
2022-08-22 16:00:51 INFO::Fitting model to feature number 90, P164.PWY
2022-08-22 16:00:51 INFO::Fitting model to feature number 91, P184.PWY
2022-08-22 16:00:51 INFO::Fitting model to feature number 92, P221.PWY
2022-08-22 16:00:51 INFO::Fitting model to feature number 93, P23.PWY
2022-08-22 16:00:51 INFO::Fitting model to feature number 94, P281.PWY
2022-08-22 16:00:51 INFO::Fitting model to feature number 95, P341.PWY
2022-08-22 16:00:52 INFO::Fitting model to feature number 96, P381.PWY
2022-08-22 16:00:52 INFO::Fitting model to feature number 97, P4.PWY
2022-08-22 16:00:52 INFO::Fitting model to feature number 98, P42.PWY
2022-08-22 16:00:52 INFO::Fitting model to feature number 99, P441.PWY
2022-08-22 16:00:52 INFO::Fitting model to feature number 100, P461.PWY
2022-08-22 16:00:52 INFO::Fitting model to feature number 101, P562.PWY
2022-08-22 16:00:52 INFO::Fitting model to feature number 102, P621.PWY
2022-08-22 16:00:52 INFO::Fitting model to feature number 103, PANTO.PWY
2022-08-22 16:00:52 INFO::Fitting model to feature number 104, PANTOSYN.PWY
2022-08-22 16:00:52 INFO::Fitting model to feature number 105, PENTOSE.P.PWY
2022-08-22 16:00:52 INFO::Fitting model to feature number 106, PEPTIDOGLYCANSYN.PWY
2022-08-22 16:00:52 INFO::Fitting model to feature number 107, PHOSLIPSYN.PWY
2022-08-22 16:00:52 INFO::Fitting model to feature number 108, POLYAMINSYN3.PWY
2022-08-22 16:00:52 INFO::Fitting model to feature number 109, POLYAMSYN.PWY
2022-08-22 16:00:52 INFO::Fitting model to feature number 110, POLYISOPRENSYN.PWY
2022-08-22 16:00:52 INFO::Fitting model to feature number 111, PPGPPMET.PWY
2022-08-22 16:00:52 INFO::Fitting model to feature number 112, PROTOCATECHUATE.ORTHO.CLEAVAGE.PWY
2022-08-22 16:00:52 INFO::Fitting model to feature number 113, PRPP.PWY
2022-08-22 16:00:52 INFO::Fitting model to feature number 114, PWY.1269
2022-08-22 16:00:52 INFO::Fitting model to feature number 115, PWY.181
2022-08-22 16:00:52 INFO::Fitting model to feature number 116, PWY.1861
2022-08-22 16:00:52 INFO::Fitting model to feature number 117, PWY.2941
2022-08-22 16:00:53 INFO::Fitting model to feature number 118, PWY.2942
2022-08-22 16:00:53 INFO::Fitting model to feature number 119, PWY.3001
2022-08-22 16:00:53 INFO::Fitting model to feature number 120, PWY.3661
2022-08-22 16:00:53 INFO::Fitting model to feature number 121, PWY.3781
2022-08-22 16:00:53 INFO::Fitting model to feature number 122, PWY.4984
2022-08-22 16:00:53 INFO::Fitting model to feature number 123, PWY.5005
2022-08-22 16:00:53 INFO::Fitting model to feature number 124, PWY.5022
2022-08-22 16:00:53 INFO::Fitting model to feature number 125, PWY.5028
2022-08-22 16:00:53 INFO::Fitting model to feature number 126, PWY.5088
2022-08-22 16:00:53 INFO::Fitting model to feature number 127, PWY.5097
2022-08-22 16:00:53 INFO::Fitting model to feature number 128, PWY.5100
2022-08-22 16:00:53 INFO::Fitting model to feature number 129, PWY.5101
2022-08-22 16:00:53 INFO::Fitting model to feature number 130, PWY.5103
2022-08-22 16:00:53 INFO::Fitting model to feature number 131, PWY.5104
2022-08-22 16:00:53 INFO::Fitting model to feature number 132, PWY.5121
2022-08-22 16:00:53 INFO::Fitting model to feature number 133, PWY.5154
2022-08-22 16:00:53 INFO::Fitting model to feature number 134, PWY.5177
2022-08-22 16:00:53 INFO::Fitting model to feature number 135, PWY.5178
2022-08-22 16:00:53 INFO::Fitting model to feature number 136, PWY.5180
2022-08-22 16:00:53 INFO::Fitting model to feature number 137, PWY.5181
2022-08-22 16:00:53 INFO::Fitting model to feature number 138, PWY.5182
2022-08-22 16:00:53 INFO::Fitting model to feature number 139, PWY.5188
2022-08-22 16:00:54 INFO::Fitting model to feature number 140, PWY.5189
2022-08-22 16:00:54 INFO::Fitting model to feature number 141, PWY.5265
2022-08-22 16:00:54 INFO::Fitting model to feature number 142, PWY.5304
2022-08-22 16:00:54 INFO::Fitting model to feature number 143, PWY.5345
2022-08-22 16:00:54 INFO::Fitting model to feature number 144, PWY.5347
2022-08-22 16:00:54 INFO::Fitting model to feature number 145, PWY.5384
2022-08-22 16:00:54 INFO::Fitting model to feature number 146, PWY.5415
2022-08-22 16:00:54 INFO::Fitting model to feature number 147, PWY.5417
2022-08-22 16:00:54 INFO::Fitting model to feature number 148, PWY.5419
2022-08-22 16:00:54 INFO::Fitting model to feature number 149, PWY.5420
2022-08-22 16:00:54 INFO::Fitting model to feature number 150, PWY.5430
2022-08-22 16:00:54 INFO::Fitting model to feature number 151, PWY.5431
2022-08-22 16:00:54 INFO::Fitting model to feature number 152, PWY.5484
2022-08-22 16:00:54 INFO::Fitting model to feature number 153, PWY.5499
2022-08-22 16:00:54 INFO::Fitting model to feature number 154, PWY.5505
2022-08-22 16:00:54 INFO::Fitting model to feature number 155, PWY.5507
2022-08-22 16:00:54 INFO::Fitting model to feature number 156, PWY.5509
2022-08-22 16:00:54 INFO::Fitting model to feature number 157, PWY.5529
2022-08-22 16:00:54 INFO::Fitting model to feature number 158, PWY.5531
2022-08-22 16:00:54 INFO::Fitting model to feature number 159, PWY.5647
2022-08-22 16:00:54 INFO::Fitting model to feature number 160, PWY.5651
2022-08-22 16:00:55 INFO::Fitting model to feature number 161, PWY.5654
2022-08-22 16:00:55 INFO::Fitting model to feature number 162, PWY.5655
2022-08-22 16:00:55 INFO::Fitting model to feature number 163, PWY.5659
2022-08-22 16:00:55 INFO::Fitting model to feature number 164, PWY.5667
2022-08-22 16:00:55 INFO::Fitting model to feature number 165, PWY.5676
2022-08-22 16:00:55 INFO::Fitting model to feature number 166, PWY.5677
2022-08-22 16:00:55 INFO::Fitting model to feature number 167, PWY.5686
2022-08-22 16:00:55 INFO::Fitting model to feature number 168, PWY.5695
2022-08-22 16:00:55 INFO::Fitting model to feature number 169, PWY.5705
2022-08-22 16:00:55 INFO::Fitting model to feature number 170, PWY.5741
2022-08-22 16:00:55 INFO::Fitting model to feature number 171, PWY.5747
2022-08-22 16:00:55 INFO::Fitting model to feature number 172, PWY.5837
2022-08-22 16:00:55 INFO::Fitting model to feature number 173, PWY.5838
2022-08-22 16:00:55 INFO::Fitting model to feature number 174, PWY.5840
2022-08-22 16:00:55 INFO::Fitting model to feature number 175, PWY.5845
2022-08-22 16:00:55 INFO::Fitting model to feature number 176, PWY.5850
2022-08-22 16:00:55 INFO::Fitting model to feature number 177, PWY.5855
2022-08-22 16:00:55 INFO::Fitting model to feature number 178, PWY.5856
2022-08-22 16:00:55 INFO::Fitting model to feature number 179, PWY.5857
2022-08-22 16:00:55 INFO::Fitting model to feature number 180, PWY.5860
2022-08-22 16:00:55 INFO::Fitting model to feature number 181, PWY.5861
2022-08-22 16:00:55 INFO::Fitting model to feature number 182, PWY.5862
2022-08-22 16:00:55 INFO::Fitting model to feature number 183, PWY.5863
2022-08-22 16:00:56 INFO::Fitting model to feature number 184, PWY.5896
2022-08-22 16:00:56 INFO::Fitting model to feature number 185, PWY.5897
2022-08-22 16:00:56 INFO::Fitting model to feature number 186, PWY.5898
2022-08-22 16:00:56 INFO::Fitting model to feature number 187, PWY.5899
2022-08-22 16:00:56 INFO::Fitting model to feature number 188, PWY.5910
2022-08-22 16:00:56 INFO::Fitting model to feature number 189, PWY.5913
2022-08-22 16:00:56 INFO::Fitting model to feature number 190, PWY.5918
2022-08-22 16:00:56 INFO::Fitting model to feature number 191, PWY.5920
2022-08-22 16:00:56 INFO::Fitting model to feature number 192, PWY.5941
2022-08-22 16:00:56 INFO::Fitting model to feature number 193, PWY.5971
2022-08-22 16:00:56 INFO::Fitting model to feature number 194, PWY.5973
2022-08-22 16:00:56 INFO::Fitting model to feature number 195, PWY.5989
2022-08-22 16:00:56 INFO::Fitting model to feature number 196, PWY.6071
2022-08-22 16:00:56 INFO::Fitting model to feature number 197, PWY.6107
2022-08-22 16:00:56 INFO::Fitting model to feature number 198, PWY.6121
2022-08-22 16:00:56 INFO::Fitting model to feature number 199, PWY.6122
2022-08-22 16:00:56 INFO::Fitting model to feature number 200, PWY.6123
2022-08-22 16:00:56 INFO::Fitting model to feature number 201, PWY.6125
2022-08-22 16:00:56 INFO::Fitting model to feature number 202, PWY.6126
2022-08-22 16:00:56 INFO::Fitting model to feature number 203, PWY.6143
2022-08-22 16:00:56 INFO::Fitting model to feature number 204, PWY.6147
2022-08-22 16:00:56 INFO::Fitting model to feature number 205, PWY.6151
2022-08-22 16:00:57 INFO::Fitting model to feature number 206, PWY.6163
2022-08-22 16:00:57 INFO::Fitting model to feature number 207, PWY.6182
2022-08-22 16:00:57 INFO::Fitting model to feature number 208, PWY.6185
2022-08-22 16:00:57 INFO::Fitting model to feature number 209, PWY.621
2022-08-22 16:00:57 INFO::Fitting model to feature number 210, PWY.6210
2022-08-22 16:00:57 INFO::Fitting model to feature number 211, PWY.6263
2022-08-22 16:00:57 INFO::Fitting model to feature number 212, PWY.6269
2022-08-22 16:00:57 INFO::Fitting model to feature number 213, PWY.6277
2022-08-22 16:00:57 INFO::Fitting model to feature number 214, PWY.6282
2022-08-22 16:00:57 INFO::Fitting model to feature number 215, PWY.6317
2022-08-22 16:00:57 INFO::Fitting model to feature number 216, PWY.6338
2022-08-22 16:00:57 INFO::Fitting model to feature number 217, PWY.6353
2022-08-22 16:00:57 INFO::Fitting model to feature number 218, PWY.6383
2022-08-22 16:00:57 INFO::Fitting model to feature number 219, PWY.6385
2022-08-22 16:00:57 INFO::Fitting model to feature number 220, PWY.6386
2022-08-22 16:00:57 INFO::Fitting model to feature number 221, PWY.6387
2022-08-22 16:00:57 INFO::Fitting model to feature number 222, PWY.6396
2022-08-22 16:00:57 INFO::Fitting model to feature number 223, PWY.6397
2022-08-22 16:00:57 INFO::Fitting model to feature number 224, PWY.6467
2022-08-22 16:00:57 INFO::Fitting model to feature number 225, PWY.6470
2022-08-22 16:00:57 INFO::Fitting model to feature number 226, PWY.6471
2022-08-22 16:00:58 INFO::Fitting model to feature number 227, PWY.6478
2022-08-22 16:00:58 INFO::Fitting model to feature number 228, PWY.6505
2022-08-22 16:00:58 INFO::Fitting model to feature number 229, PWY.6507
2022-08-22 16:00:58 INFO::Fitting model to feature number 230, PWY.6519
2022-08-22 16:00:58 INFO::Fitting model to feature number 231, PWY.6545
2022-08-22 16:00:58 INFO::Fitting model to feature number 232, PWY.6562
2022-08-22 16:00:58 INFO::Fitting model to feature number 233, PWY.6572
2022-08-22 16:00:58 INFO::Fitting model to feature number 234, PWY.6588
2022-08-22 16:00:58 INFO::Fitting model to feature number 235, PWY.6590
2022-08-22 16:00:58 INFO::Fitting model to feature number 236, PWY.6608
2022-08-22 16:00:58 INFO::Fitting model to feature number 237, PWY.6609
2022-08-22 16:00:58 INFO::Fitting model to feature number 238, PWY.6612
2022-08-22 16:00:58 INFO::Fitting model to feature number 239, PWY.6628
2022-08-22 16:00:58 INFO::Fitting model to feature number 240, PWY.6630
2022-08-22 16:00:58 INFO::Fitting model to feature number 241, PWY.6690
2022-08-22 16:00:58 INFO::Fitting model to feature number 242, PWY.6700
2022-08-22 16:00:58 INFO::Fitting model to feature number 243, PWY.6703
2022-08-22 16:00:58 INFO::Fitting model to feature number 244, PWY.6708
2022-08-22 16:00:58 INFO::Fitting model to feature number 245, PWY.6728
2022-08-22 16:00:58 INFO::Fitting model to feature number 246, PWY.6737
2022-08-22 16:00:58 INFO::Fitting model to feature number 247, PWY.6749
2022-08-22 16:00:59 INFO::Fitting model to feature number 248, PWY.6876
2022-08-22 16:00:59 INFO::Fitting model to feature number 249, PWY.6891
2022-08-22 16:00:59 INFO::Fitting model to feature number 250, PWY.6892
2022-08-22 16:00:59 INFO::Fitting model to feature number 251, PWY.6895
2022-08-22 16:00:59 INFO::Fitting model to feature number 252, PWY.6897
2022-08-22 16:00:59 INFO::Fitting model to feature number 253, PWY.6901
2022-08-22 16:00:59 INFO::Fitting model to feature number 254, PWY.6969
2022-08-22 16:00:59 INFO::Fitting model to feature number 255, PWY.6992
2022-08-22 16:00:59 INFO::Fitting model to feature number 256, PWY.7003
2022-08-22 16:00:59 INFO::Fitting model to feature number 257, PWY.7007
2022-08-22 16:00:59 INFO::Fitting model to feature number 258, PWY.7013
2022-08-22 16:00:59 INFO::Fitting model to feature number 259, PWY.7031
2022-08-22 16:00:59 INFO::Fitting model to feature number 260, PWY.7046
2022-08-22 16:00:59 INFO::Fitting model to feature number 261, PWY.7090
2022-08-22 16:00:59 INFO::Fitting model to feature number 262, PWY.7094
2022-08-22 16:00:59 INFO::Fitting model to feature number 263, PWY.7097
2022-08-22 16:00:59 INFO::Fitting model to feature number 264, PWY.7098
2022-08-22 16:00:59 INFO::Fitting model to feature number 265, PWY.7111
2022-08-22 16:00:59 INFO::Fitting model to feature number 266, PWY.7159
2022-08-22 16:00:59 INFO::Fitting model to feature number 267, PWY.7184
2022-08-22 16:00:59 INFO::Fitting model to feature number 268, PWY.7187
2022-08-22 16:00:59 INFO::Fitting model to feature number 269, PWY.7196
2022-08-22 16:00:59 INFO::Fitting model to feature number 270, PWY.7197
2022-08-22 16:01:00 INFO::Fitting model to feature number 271, PWY.7198
2022-08-22 16:01:00 INFO::Fitting model to feature number 272, PWY.7199
2022-08-22 16:01:00 INFO::Fitting model to feature number 273, PWY.7200
2022-08-22 16:01:00 INFO::Fitting model to feature number 274, PWY.7208
2022-08-22 16:01:00 INFO::Fitting model to feature number 275, PWY.7210
2022-08-22 16:01:00 INFO::Fitting model to feature number 276, PWY.7211
2022-08-22 16:01:00 INFO::Fitting model to feature number 277, PWY.7219
2022-08-22 16:01:00 INFO::Fitting model to feature number 278, PWY.7220
2022-08-22 16:01:00 INFO::Fitting model to feature number 279, PWY.7221
2022-08-22 16:01:00 INFO::Fitting model to feature number 280, PWY.7222
2022-08-22 16:01:00 INFO::Fitting model to feature number 281, PWY.7228
2022-08-22 16:01:00 INFO::Fitting model to feature number 282, PWY.7229
2022-08-22 16:01:00 INFO::Fitting model to feature number 283, PWY.7234
2022-08-22 16:01:00 INFO::Fitting model to feature number 284, PWY.7237
2022-08-22 16:01:00 INFO::Fitting model to feature number 285, PWY.7242
2022-08-22 16:01:00 INFO::Fitting model to feature number 286, PWY.7254
2022-08-22 16:01:00 INFO::Fitting model to feature number 287, PWY.7255
2022-08-22 16:01:00 INFO::Fitting model to feature number 288, PWY.7295
2022-08-22 16:01:00 INFO::Fitting model to feature number 289, PWY.7315
2022-08-22 16:01:00 INFO::Fitting model to feature number 290, PWY.7323
2022-08-22 16:01:00 INFO::Fitting model to feature number 291, PWY.7328
2022-08-22 16:01:00 INFO::Fitting model to feature number 292, PWY.7332
2022-08-22 16:01:01 INFO::Fitting model to feature number 293, PWY.7347
2022-08-22 16:01:01 INFO::Fitting model to feature number 294, PWY.7371
2022-08-22 16:01:01 INFO::Fitting model to feature number 295, PWY.7373
2022-08-22 16:01:01 INFO::Fitting model to feature number 296, PWY.7374
2022-08-22 16:01:01 INFO::Fitting model to feature number 297, PWY.7376
2022-08-22 16:01:01 INFO::Fitting model to feature number 298, PWY.7377
2022-08-22 16:01:01 INFO::Fitting model to feature number 299, PWY.7391
2022-08-22 16:01:01 INFO::Fitting model to feature number 300, PWY.7392
2022-08-22 16:01:01 INFO::Fitting model to feature number 301, PWY.7400
2022-08-22 16:01:01 INFO::Fitting model to feature number 302, PWY.7431
2022-08-22 16:01:01 INFO::Fitting model to feature number 303, PWY.7456
2022-08-22 16:01:01 INFO::Fitting model to feature number 304, PWY.7539
2022-08-22 16:01:01 INFO::Fitting model to feature number 305, PWY.7560
2022-08-22 16:01:01 INFO::Fitting model to feature number 306, PWY.7616
2022-08-22 16:01:01 INFO::Fitting model to feature number 307, PWY.7663
2022-08-22 16:01:01 INFO::Fitting model to feature number 308, PWY.7664
2022-08-22 16:01:01 INFO::Fitting model to feature number 309, PWY.841
2022-08-22 16:01:01 INFO::Fitting model to feature number 310, PWY.922
2022-08-22 16:01:01 INFO::Fitting model to feature number 311, PWY0.1061
2022-08-22 16:01:01 INFO::Fitting model to feature number 312, PWY0.1241
2022-08-22 16:01:01 INFO::Fitting model to feature number 313, PWY0.1261
2022-08-22 16:01:02 INFO::Fitting model to feature number 314, PWY0.1277
2022-08-22 16:01:02 INFO::Fitting model to feature number 315, PWY0.1296
2022-08-22 16:01:02 INFO::Fitting model to feature number 316, PWY0.1297
2022-08-22 16:01:02 INFO::Fitting model to feature number 317, PWY0.1298
2022-08-22 16:01:02 INFO::Fitting model to feature number 318, PWY0.1319
2022-08-22 16:01:02 INFO::Fitting model to feature number 319, PWY0.1415
2022-08-22 16:01:02 INFO::Fitting model to feature number 320, PWY0.1479
2022-08-22 16:01:02 INFO::Fitting model to feature number 321, PWY0.1533
2022-08-22 16:01:02 INFO::Fitting model to feature number 322, PWY0.1586
2022-08-22 16:01:02 INFO::Fitting model to feature number 323, PWY0.162
2022-08-22 16:01:02 INFO::Fitting model to feature number 324, PWY0.166
2022-08-22 16:01:02 INFO::Fitting model to feature number 325, PWY0.321
2022-08-22 16:01:02 INFO::Fitting model to feature number 326, PWY0.41
2022-08-22 16:01:02 INFO::Fitting model to feature number 327, PWY0.42
2022-08-22 16:01:02 INFO::Fitting model to feature number 328, PWY0.781
2022-08-22 16:01:02 INFO::Fitting model to feature number 329, PWY0.845
2022-08-22 16:01:02 INFO::Fitting model to feature number 330, PWY0.862
2022-08-22 16:01:02 INFO::Fitting model to feature number 331, PWY1G.0
2022-08-22 16:01:02 INFO::Fitting model to feature number 332, PWY490.3
2022-08-22 16:01:02 INFO::Fitting model to feature number 333, PWY4FS.7
2022-08-22 16:01:02 INFO::Fitting model to feature number 334, PWY4FS.8
2022-08-22 16:01:03 INFO::Fitting model to feature number 335, PWYG.321
2022-08-22 16:01:03 INFO::Fitting model to feature number 336, PYRIDNUCSAL.PWY
2022-08-22 16:01:03 INFO::Fitting model to feature number 337, PYRIDNUCSYN.PWY
2022-08-22 16:01:03 INFO::Fitting model to feature number 338, PYRIDOXSYN.PWY
2022-08-22 16:01:03 INFO::Fitting model to feature number 339, REDCITCYC
2022-08-22 16:01:03 INFO::Fitting model to feature number 340, RHAMCAT.PWY
2022-08-22 16:01:03 INFO::Fitting model to feature number 341, RIBOSYN2.PWY
2022-08-22 16:01:03 INFO::Fitting model to feature number 342, RUMP.PWY
2022-08-22 16:01:03 INFO::Fitting model to feature number 343, SALVADEHYPOX.PWY
2022-08-22 16:01:03 INFO::Fitting model to feature number 344, SER.GLYSYN.PWY
2022-08-22 16:01:03 INFO::Fitting model to feature number 345, SO4ASSIM.PWY
2022-08-22 16:01:03 INFO::Fitting model to feature number 346, SUCSYN.PWY
2022-08-22 16:01:03 INFO::Fitting model to feature number 347, SULFATE.CYS.PWY
2022-08-22 16:01:03 INFO::Fitting model to feature number 348, TCA
2022-08-22 16:01:03 INFO::Fitting model to feature number 349, TCA.GLYOX.BYPASS
2022-08-22 16:01:03 INFO::Fitting model to feature number 350, TEICHOICACID.PWY
2022-08-22 16:01:03 INFO::Fitting model to feature number 351, THISYN.PWY
2022-08-22 16:01:03 INFO::Fitting model to feature number 352, THREOCAT.PWY
2022-08-22 16:01:03 INFO::Fitting model to feature number 353, THRESYN.PWY
2022-08-22 16:01:03 INFO::Fitting model to feature number 354, TRNA.CHARGING.PWY
2022-08-22 16:01:03 INFO::Fitting model to feature number 355, TRPSYN.PWY
2022-08-22 16:01:04 INFO::Fitting model to feature number 356, TYRFUMCAT.PWY
2022-08-22 16:01:04 INFO::Fitting model to feature number 357, UBISYN.PWY
2022-08-22 16:01:04 INFO::Fitting model to feature number 358, UDPNAGSYN.PWY
2022-08-22 16:01:04 INFO::Fitting model to feature number 359, VALSYN.PWY
2022-08-22 16:01:04 INFO::Counting total values for each feature
2022-08-22 16:01:04 INFO::Writing residuals to file /Users/robynwright/Dropbox/Langille_Lab_postdoc/OED_project/analysis/differential_abundance/maaslin_pathways_full_model/residuals.rds
2022-08-22 16:01:04 INFO::Writing fitted values to file /Users/robynwright/Dropbox/Langille_Lab_postdoc/OED_project/analysis/differential_abundance/maaslin_pathways_full_model/fitted.rds
2022-08-22 16:01:04 INFO::Writing extracted random effects to file /Users/robynwright/Dropbox/Langille_Lab_postdoc/OED_project/analysis/differential_abundance/maaslin_pathways_full_model/ranef.rds
2022-08-22 16:01:04 INFO::Writing all results to file (ordered by increasing q-values): /Users/robynwright/Dropbox/Langille_Lab_postdoc/OED_project/analysis/differential_abundance/maaslin_pathways_full_model/all_results.tsv
2022-08-22 16:01:04 INFO::Writing the significant results (those which are less than or equal to the threshold of 0.250000 ) to file (ordered by increasing q-values): /Users/robynwright/Dropbox/Langille_Lab_postdoc/OED_project/analysis/differential_abundance/maaslin_pathways_full_model/significant_results.tsv
